<?xml version="1.0" encoding="UTF-8"?>
<testsuite name="com.group.libraryapp.service.user.UserServiceTest" tests="4" skipped="0" failures="0" errors="0" timestamp="2022-12-11T13:18:01" hostname="LM-047775-00.local" time="0.111">
  <properties/>
  <testcase name="saveUserTest()" classname="com.group.libraryapp.service.user.UserServiceTest" time="0.035"/>
  <testcase name="유저 업데이트가 정상동작 테스트" classname="com.group.libraryapp.service.user.UserServiceTest" time="0.021"/>
  <testcase name="getUserTest()" classname="com.group.libraryapp.service.user.UserServiceTest" time="0.03"/>
  <testcase name="유저 삭제가 정상작동하는지 테스트" classname="com.group.libraryapp.service.user.UserServiceTest" time="0.016"/>
  <system-out><![CDATA[2022-12-11 22:18:01.632  INFO 75449 --- [    Test worker] .b.t.c.SpringBootTestContextBootstrapper : Neither @ContextConfiguration nor @ContextHierarchy found for test class [com.group.libraryapp.service.user.UserServiceTest], using SpringBootContextLoader
2022-12-11 22:18:01.635  INFO 75449 --- [    Test worker] o.s.t.c.support.AbstractContextLoader    : Could not detect default resource locations for test class [com.group.libraryapp.service.user.UserServiceTest]: no resource found for suffixes {-context.xml, Context.groovy}.
2022-12-11 22:18:01.636  INFO 75449 --- [    Test worker] t.c.s.AnnotationConfigContextLoaderUtils : Could not detect default configuration classes for test class [com.group.libraryapp.service.user.UserServiceTest]: UserServiceTest does not declare any static, non-private, non-final, nested classes annotated with @Configuration.
2022-12-11 22:18:01.661  INFO 75449 --- [    Test worker] .b.t.c.SpringBootTestContextBootstrapper : Found @SpringBootConfiguration com.group.libraryapp.LibraryAppApplication for test class com.group.libraryapp.service.user.UserServiceTest
2022-12-11 22:18:01.668  INFO 75449 --- [    Test worker] .b.t.c.SpringBootTestContextBootstrapper : Loaded default TestExecutionListener class names from location [META-INF/spring.factories]: [org.springframework.boot.test.autoconfigure.restdocs.RestDocsTestExecutionListener, org.springframework.boot.test.autoconfigure.web.client.MockRestServiceServerResetTestExecutionListener, org.springframework.boot.test.autoconfigure.web.servlet.MockMvcPrintOnlyOnFailureTestExecutionListener, org.springframework.boot.test.autoconfigure.web.servlet.WebDriverTestExecutionListener, org.springframework.boot.test.autoconfigure.webservices.client.MockWebServiceServerTestExecutionListener, org.springframework.boot.test.mock.mockito.MockitoTestExecutionListener, org.springframework.boot.test.mock.mockito.ResetMocksTestExecutionListener, org.springframework.test.context.web.ServletTestExecutionListener, org.springframework.test.context.support.DirtiesContextBeforeModesTestExecutionListener, org.springframework.test.context.event.ApplicationEventsTestExecutionListener, org.springframework.test.context.support.DependencyInjectionTestExecutionListener, org.springframework.test.context.support.DirtiesContextTestExecutionListener, org.springframework.test.context.transaction.TransactionalTestExecutionListener, org.springframework.test.context.jdbc.SqlScriptsTestExecutionListener, org.springframework.test.context.event.EventPublishingTestExecutionListener]
2022-12-11 22:18:01.669  INFO 75449 --- [    Test worker] .b.t.c.SpringBootTestContextBootstrapper : Using TestExecutionListeners: [org.springframework.test.context.web.ServletTestExecutionListener@393d4e34, org.springframework.test.context.support.DirtiesContextBeforeModesTestExecutionListener@123d666b, org.springframework.test.context.event.ApplicationEventsTestExecutionListener@1f3310fc, org.springframework.boot.test.mock.mockito.MockitoTestExecutionListener@7e44f989, org.springframework.boot.test.autoconfigure.SpringBootDependencyInjectionTestExecutionListener@2d5b549b, org.springframework.test.context.support.DirtiesContextTestExecutionListener@542c6165, org.springframework.test.context.transaction.TransactionalTestExecutionListener@539f2fec, org.springframework.test.context.jdbc.SqlScriptsTestExecutionListener@a4e1ca7, org.springframework.test.context.event.EventPublishingTestExecutionListener@7d466ef9, org.springframework.boot.test.autoconfigure.restdocs.RestDocsTestExecutionListener@4a561f7d, org.springframework.boot.test.autoconfigure.web.client.MockRestServiceServerResetTestExecutionListener@601ca994, org.springframework.boot.test.autoconfigure.web.servlet.MockMvcPrintOnlyOnFailureTestExecutionListener@1acd2a14, org.springframework.boot.test.autoconfigure.web.servlet.WebDriverTestExecutionListener@5432be12, org.springframework.boot.test.autoconfigure.webservices.client.MockWebServiceServerTestExecutionListener@2ee5fe1e, org.springframework.boot.test.mock.mockito.ResetMocksTestExecutionListener@2b30b25f]
Hibernate: 
    insert 
    into
        user
        (id, age, name) 
    values
        (default, ?, ?)
Hibernate: 
    select
        user0_.id as id1_4_,
        user0_.age as age2_4_,
        user0_.name as name3_4_ 
    from
        user user0_
Hibernate: 
    select
        user0_.id as id1_4_,
        user0_.age as age2_4_,
        user0_.name as name3_4_ 
    from
        user user0_
Hibernate: 
    select
        userloanho0_.user_id as user_id4_5_0_,
        userloanho0_.id as id1_5_0_,
        userloanho0_.id as id1_5_1_,
        userloanho0_.book_name as book_nam2_5_1_,
        userloanho0_.is_return as is_retur3_5_1_,
        userloanho0_.user_id as user_id4_5_1_ 
    from
        user_loan_history userloanho0_ 
    where
        userloanho0_.user_id=?
Hibernate: 
    delete 
    from
        user 
    where
        id=?
Hibernate: 
    insert 
    into
        user
        (id, age, name) 
    values
        (default, ?, ?)
Hibernate: 
    select
        user0_.id as id1_4_0_,
        user0_.age as age2_4_0_,
        user0_.name as name3_4_0_ 
    from
        user user0_ 
    where
        user0_.id=?
Hibernate: 
    update
        user 
    set
        age=?,
        name=? 
    where
        id=?
Hibernate: 
    select
        user0_.id as id1_4_,
        user0_.age as age2_4_,
        user0_.name as name3_4_ 
    from
        user user0_
Hibernate: 
    select
        user0_.id as id1_4_,
        user0_.age as age2_4_,
        user0_.name as name3_4_ 
    from
        user user0_
Hibernate: 
    select
        userloanho0_.user_id as user_id4_5_0_,
        userloanho0_.id as id1_5_0_,
        userloanho0_.id as id1_5_1_,
        userloanho0_.book_name as book_nam2_5_1_,
        userloanho0_.is_return as is_retur3_5_1_,
        userloanho0_.user_id as user_id4_5_1_ 
    from
        user_loan_history userloanho0_ 
    where
        userloanho0_.user_id=?
Hibernate: 
    delete 
    from
        user 
    where
        id=?
Hibernate: 
    insert 
    into
        user
        (id, age, name) 
    values
        (default, ?, ?)
Hibernate: 
    insert 
    into
        user
        (id, age, name) 
    values
        (default, ?, ?)
Hibernate: 
    select
        user0_.id as id1_4_,
        user0_.age as age2_4_,
        user0_.name as name3_4_ 
    from
        user user0_
Hibernate: 
    select
        user0_.id as id1_4_,
        user0_.age as age2_4_,
        user0_.name as name3_4_ 
    from
        user user0_
Hibernate: 
    select
        userloanho0_.user_id as user_id4_5_0_,
        userloanho0_.id as id1_5_0_,
        userloanho0_.id as id1_5_1_,
        userloanho0_.book_name as book_nam2_5_1_,
        userloanho0_.is_return as is_retur3_5_1_,
        userloanho0_.user_id as user_id4_5_1_ 
    from
        user_loan_history userloanho0_ 
    where
        userloanho0_.user_id=?
Hibernate: 
    select
        userloanho0_.user_id as user_id4_5_0_,
        userloanho0_.id as id1_5_0_,
        userloanho0_.id as id1_5_1_,
        userloanho0_.book_name as book_nam2_5_1_,
        userloanho0_.is_return as is_retur3_5_1_,
        userloanho0_.user_id as user_id4_5_1_ 
    from
        user_loan_history userloanho0_ 
    where
        userloanho0_.user_id=?
Hibernate: 
    delete 
    from
        user 
    where
        id=?
Hibernate: 
    delete 
    from
        user 
    where
        id=?
Hibernate: 
    insert 
    into
        user
        (id, age, name) 
    values
        (default, ?, ?)
Hibernate: 
    select
        user0_.id as id1_4_,
        user0_.age as age2_4_,
        user0_.name as name3_4_ 
    from
        user user0_ 
    where
        user0_.name=?
Hibernate: 
    select
        userloanho0_.user_id as user_id4_5_0_,
        userloanho0_.id as id1_5_0_,
        userloanho0_.id as id1_5_1_,
        userloanho0_.book_name as book_nam2_5_1_,
        userloanho0_.is_return as is_retur3_5_1_,
        userloanho0_.user_id as user_id4_5_1_ 
    from
        user_loan_history userloanho0_ 
    where
        userloanho0_.user_id=?
Hibernate: 
    delete 
    from
        user 
    where
        id=?
Hibernate: 
    select
        user0_.id as id1_4_,
        user0_.age as age2_4_,
        user0_.name as name3_4_ 
    from
        user user0_
Hibernate: 
    select
        user0_.id as id1_4_,
        user0_.age as age2_4_,
        user0_.name as name3_4_ 
    from
        user user0_
]]></system-out>
  <system-err><![CDATA[]]></system-err>
</testsuite>
